<?xml version="1.0" encoding="UTF-8"?>
<testsuite name="inhatc.hja.unilife.UniLifeApplicationTests" tests="1" skipped="0" failures="0" errors="0" timestamp="2025-05-20T11:07:28.092Z" hostname="DESKTOP-0AVHN5U" time="0.469">
  <properties/>
  <testcase name="contextLoads()" classname="inhatc.hja.unilife.UniLifeApplicationTests" time="0.469"/>
  <system-out><![CDATA[20:07:20.543 [Test worker] INFO org.springframework.test.context.support.AnnotationConfigContextLoaderUtils -- Could not detect default configuration classes for test class [inhatc.hja.unilife.UniLifeApplicationTests]: UniLifeApplicationTests does not declare any static, non-private, non-final, nested classes annotated with @Configuration.
20:07:20.680 [Test worker] INFO org.springframework.boot.test.context.SpringBootTestContextBootstrapper -- Found @SpringBootConfiguration inhatc.hja.unilife.UniLifeApplication for test class inhatc.hja.unilife.UniLifeApplicationTests

  .   ____          _            __ _ _
 /\\ / ___'_ __ _ _(_)_ __  __ _ \ \ \ \
( ( )\___ | '_ | '_| | '_ \/ _` | \ \ \ \
 \\/  ___)| |_)| | | | | || (_| |  ) ) ) )
  '  |____| .__|_| |_|_| |_\__, | / / / /
 =========|_|==============|___/=/_/_/_/

?[32m :: Spring Boot :: ?[39m              ?[2m (v3.4.5)?[0;39m

?[2m2025-05-20T20:07:21.166+09:00?[0;39m ?[32m INFO?[0;39m ?[35m24944?[0;39m ?[2m--- [UniLife] [    Test worker] ?[0;39m?[36mi.hja.unilife.UniLifeApplicationTests   ?[0;39m ?[2m:?[0;39m Starting UniLifeApplicationTests using Java 17.0.8.1 with PID 24944 (started by LEE in C:\Users\LEE\UniLife\UniLife)
?[2m2025-05-20T20:07:21.167+09:00?[0;39m ?[32mDEBUG?[0;39m ?[35m24944?[0;39m ?[2m--- [UniLife] [    Test worker] ?[0;39m?[36mi.hja.unilife.UniLifeApplicationTests   ?[0;39m ?[2m:?[0;39m Running with Spring Boot v3.4.5, Spring v6.2.6
?[2m2025-05-20T20:07:21.168+09:00?[0;39m ?[32m INFO?[0;39m ?[35m24944?[0;39m ?[2m--- [UniLife] [    Test worker] ?[0;39m?[36mi.hja.unilife.UniLifeApplicationTests   ?[0;39m ?[2m:?[0;39m No active profile set, falling back to 1 default profile: "default"
?[2m2025-05-20T20:07:21.203+09:00?[0;39m ?[32mDEBUG?[0;39m ?[35m24944?[0;39m ?[2m--- [UniLife] [    Test worker] ?[0;39m?[36mo.s.w.c.s.GenericWebApplicationContext  ?[0;39m ?[2m:?[0;39m Refreshing org.springframework.web.context.support.GenericWebApplicationContext@46d8f407
?[2m2025-05-20T20:07:22.090+09:00?[0;39m ?[32m INFO?[0;39m ?[35m24944?[0;39m ?[2m--- [UniLife] [    Test worker] ?[0;39m?[36m.s.d.r.c.RepositoryConfigurationDelegate?[0;39m ?[2m:?[0;39m Bootstrapping Spring Data JPA repositories in DEFAULT mode.
?[2m2025-05-20T20:07:22.236+09:00?[0;39m ?[32m INFO?[0;39m ?[35m24944?[0;39m ?[2m--- [UniLife] [    Test worker] ?[0;39m?[36m.s.d.r.c.RepositoryConfigurationDelegate?[0;39m ?[2m:?[0;39m Finished Spring Data repository scanning in 134 ms. Found 11 JPA repository interfaces.
?[2m2025-05-20T20:07:22.928+09:00?[0;39m ?[32m INFO?[0;39m ?[35m24944?[0;39m ?[2m--- [UniLife] [    Test worker] ?[0;39m?[36mo.hibernate.jpa.internal.util.LogHelper ?[0;39m ?[2m:?[0;39m HHH000204: Processing PersistenceUnitInfo [name: default]
?[2m2025-05-20T20:07:22.994+09:00?[0;39m ?[32m INFO?[0;39m ?[35m24944?[0;39m ?[2m--- [UniLife] [    Test worker] ?[0;39m?[36morg.hibernate.Version                   ?[0;39m ?[2m:?[0;39m HHH000412: Hibernate ORM core version 6.6.13.Final
?[2m2025-05-20T20:07:23.036+09:00?[0;39m ?[32m INFO?[0;39m ?[35m24944?[0;39m ?[2m--- [UniLife] [    Test worker] ?[0;39m?[36mo.h.c.internal.RegionFactoryInitiator   ?[0;39m ?[2m:?[0;39m HHH000026: Second-level cache disabled
?[2m2025-05-20T20:07:23.441+09:00?[0;39m ?[32m INFO?[0;39m ?[35m24944?[0;39m ?[2m--- [UniLife] [    Test worker] ?[0;39m?[36mo.s.o.j.p.SpringPersistenceUnitInfo     ?[0;39m ?[2m:?[0;39m No LoadTimeWeaver setup: ignoring JPA class transformer
?[2m2025-05-20T20:07:23.491+09:00?[0;39m ?[32m INFO?[0;39m ?[35m24944?[0;39m ?[2m--- [UniLife] [    Test worker] ?[0;39m?[36mcom.zaxxer.hikari.HikariDataSource      ?[0;39m ?[2m:?[0;39m HikariPool-1 - Starting...
?[2m2025-05-20T20:07:23.703+09:00?[0;39m ?[32m INFO?[0;39m ?[35m24944?[0;39m ?[2m--- [UniLife] [    Test worker] ?[0;39m?[36mcom.zaxxer.hikari.pool.HikariPool       ?[0;39m ?[2m:?[0;39m HikariPool-1 - Added connection com.mysql.cj.jdbc.ConnectionImpl@12266084
?[2m2025-05-20T20:07:23.706+09:00?[0;39m ?[32m INFO?[0;39m ?[35m24944?[0;39m ?[2m--- [UniLife] [    Test worker] ?[0;39m?[36mcom.zaxxer.hikari.HikariDataSource      ?[0;39m ?[2m:?[0;39m HikariPool-1 - Start completed.
?[2m2025-05-20T20:07:23.761+09:00?[0;39m ?[33m WARN?[0;39m ?[35m24944?[0;39m ?[2m--- [UniLife] [    Test worker] ?[0;39m?[36morg.hibernate.orm.deprecation           ?[0;39m ?[2m:?[0;39m HHH90000025: MySQL8Dialect does not need to be specified explicitly using 'hibernate.dialect' (remove the property setting and it will be selected by default)
?[2m2025-05-20T20:07:23.764+09:00?[0;39m ?[33m WARN?[0;39m ?[35m24944?[0;39m ?[2m--- [UniLife] [    Test worker] ?[0;39m?[36morg.hibernate.orm.deprecation           ?[0;39m ?[2m:?[0;39m HHH90000026: MySQL8Dialect has been deprecated; use org.hibernate.dialect.MySQLDialect instead
?[2m2025-05-20T20:07:23.787+09:00?[0;39m ?[32m INFO?[0;39m ?[35m24944?[0;39m ?[2m--- [UniLife] [    Test worker] ?[0;39m?[36morg.hibernate.orm.connections.pooling   ?[0;39m ?[2m:?[0;39m HHH10001005: Database info:
	Database JDBC URL [Connecting through datasource 'HikariDataSource (HikariPool-1)']
	Database driver: undefined/unknown
	Database version: 8.0
	Autocommit mode: undefined/unknown
	Isolation level: undefined/unknown
	Minimum pool size: undefined/unknown
	Maximum pool size: undefined/unknown
?[2m2025-05-20T20:07:25.064+09:00?[0;39m ?[32m INFO?[0;39m ?[35m24944?[0;39m ?[2m--- [UniLife] [    Test worker] ?[0;39m?[36mo.h.e.t.j.p.i.JtaPlatformInitiator      ?[0;39m ?[2m:?[0;39m HHH000489: No JTA platform available (set 'hibernate.transaction.jta.platform' to enable JTA platform integration)
?[2m2025-05-20T20:07:25.068+09:00?[0;39m ?[32m INFO?[0;39m ?[35m24944?[0;39m ?[2m--- [UniLife] [    Test worker] ?[0;39m?[36mj.LocalContainerEntityManagerFactoryBean?[0;39m ?[2m:?[0;39m Initialized JPA EntityManagerFactory for persistence unit 'default'
?[2m2025-05-20T20:07:25.517+09:00?[0;39m ?[32m INFO?[0;39m ?[35m24944?[0;39m ?[2m--- [UniLife] [    Test worker] ?[0;39m?[36mo.s.d.j.r.query.QueryEnhancerFactory    ?[0;39m ?[2m:?[0;39m Hibernate is in classpath; If applicable, HQL parser will be used.
?[2m2025-05-20T20:07:26.821+09:00?[0;39m ?[33m WARN?[0;39m ?[35m24944?[0;39m ?[2m--- [UniLife] [    Test worker] ?[0;39m?[36mJpaBaseConfiguration$JpaWebConfiguration?[0;39m ?[2m:?[0;39m spring.jpa.open-in-view is enabled by default. Therefore, database queries may be performed during view rendering. Explicitly configure spring.jpa.open-in-view to disable this warning
?[2m2025-05-20T20:07:26.877+09:00?[0;39m ?[32m INFO?[0;39m ?[35m24944?[0;39m ?[2m--- [UniLife] [    Test worker] ?[0;39m?[36meAuthenticationProviderManagerConfigurer?[0;39m ?[2m:?[0;39m Global AuthenticationManager configured with AuthenticationProvider bean with name daoAuthenticationProvider
?[2m2025-05-20T20:07:26.878+09:00?[0;39m ?[33m WARN?[0;39m ?[35m24944?[0;39m ?[2m--- [UniLife] [    Test worker] ?[0;39m?[36mr$InitializeUserDetailsManagerConfigurer?[0;39m ?[2m:?[0;39m Global AuthenticationManager configured with an AuthenticationProvider bean. UserDetailsService beans will not be used by Spring Security for automatically configuring username/password login. Consider removing the AuthenticationProvider bean. Alternatively, consider using the UserDetailsService in a manually instantiated DaoAuthenticationProvider. If the current configuration is intentional, to turn off this warning, increase the logging level of 'org.springframework.security.config.annotation.authentication.configuration.InitializeUserDetailsBeanManagerConfigurer' to ERROR
?[2m2025-05-20T20:07:27.085+09:00?[0;39m ?[32mDEBUG?[0;39m ?[35m24944?[0;39m ?[2m--- [UniLife] [    Test worker] ?[0;39m?[36ms.w.s.m.m.a.RequestMappingHandlerMapping?[0;39m ?[2m:?[0;39m 34 mappings in 'requestMappingHandlerMapping'
?[2m2025-05-20T20:07:27.293+09:00?[0;39m ?[32mDEBUG?[0;39m ?[35m24944?[0;39m ?[2m--- [UniLife] [    Test worker] ?[0;39m?[36mo.s.w.s.handler.SimpleUrlHandlerMapping ?[0;39m ?[2m:?[0;39m Patterns [/webjars/**, /**, /uploads/**, /css/**] in 'resourceHandlerMapping'
?[2m2025-05-20T20:07:27.367+09:00?[0;39m ?[32mDEBUG?[0;39m ?[35m24944?[0;39m ?[2m--- [UniLife] [    Test worker] ?[0;39m?[36mo.s.s.web.DefaultSecurityFilterChain    ?[0;39m ?[2m:?[0;39m Will secure any request with filters: DisableEncodeUrlFilter, WebAsyncManagerIntegrationFilter, SecurityContextHolderFilter, HeaderWriterFilter, LogoutFilter, UsernamePasswordAuthenticationFilter, RequestCacheAwareFilter, SecurityContextHolderAwareRequestFilter, AnonymousAuthenticationFilter, ExceptionTranslationFilter, AuthorizationFilter
?[2m2025-05-20T20:07:27.564+09:00?[0;39m ?[32mDEBUG?[0;39m ?[35m24944?[0;39m ?[2m--- [UniLife] [    Test worker] ?[0;39m?[36ms.w.s.m.m.a.RequestMappingHandlerAdapter?[0;39m ?[2m:?[0;39m ControllerAdvice beans: 2 @ModelAttribute, 0 @InitBinder, 1 RequestBodyAdvice, 1 ResponseBodyAdvice
?[2m2025-05-20T20:07:27.669+09:00?[0;39m ?[32mDEBUG?[0;39m ?[35m24944?[0;39m ?[2m--- [UniLife] [    Test worker] ?[0;39m?[36m.m.m.a.ExceptionHandlerExceptionResolver?[0;39m ?[2m:?[0;39m ControllerAdvice beans: 0 @ExceptionHandler, 1 ResponseBodyAdvice
?[2m2025-05-20T20:07:27.706+09:00?[0;39m ?[32m INFO?[0;39m ?[35m24944?[0;39m ?[2m--- [UniLife] [    Test worker] ?[0;39m?[36mo.s.b.a.h2.H2ConsoleAutoConfiguration   ?[0;39m ?[2m:?[0;39m H2 console available at '/h2-console'. Database available at 'jdbc:mysql://localhost:3306/unilife?useSSL=false&serverTimezone=Asia/Seoul'
?[2m2025-05-20T20:07:27.790+09:00?[0;39m ?[32m INFO?[0;39m ?[35m24944?[0;39m ?[2m--- [UniLife] [    Test worker] ?[0;39m?[36mi.hja.unilife.UniLifeApplicationTests   ?[0;39m ?[2m:?[0;39m Started UniLifeApplicationTests in 6.912 seconds (process running for 8.235)
[TEST] Bcrypt hash of 1234: $2a$10$zs3EoQWTABAsuUGq26xh6u9e3QObCeijSunR808oqx15xoBwwCdWS
[TEST] Bcrypt hash of abcd: $2a$10$lwN4DrAXHeNNXgOvWavznemMyLxXGR93gd7GDoW5XyyaAS8Kio68.
[TEST] Bcrypt hash of 0000: $2a$10$rDL7ogwr0XFESRCdjyy0KOhBBuE1L4e/mohRViIzE3G5saEWw3LBW
]]></system-out>
  <system-err><![CDATA[]]></system-err>
</testsuite>
